<?xml version="1.0" encoding="UTF-8"?>
<!-- Generated by org.testng.reporters.JUnitReportReporter -->
<testsuite hostname="TYSS-MF-033" name="com.redbus.scripts.VerifyHomePage_Test" tests="1" failures="0" timestamp="16 Mar 2016 08:02:07 GMT" time="111.459" errors="0">
  <testcase name="VerifyReturnJourny" time="111.459" classname="com.redbus.scripts.VerifyHomePage_Test"/>
</testsuite> <!-- com.redbus.scripts.VerifyHomePage_Test -->
