<?xml version="1.0" encoding="UTF-8"?>
<!-- Generated by org.testng.reporters.JUnitReportReporter -->
<testsuite hostname="TYSS-MF-033" name="seleniumtasks.SampleLog" tests="1" failures="0" timestamp="12 Feb 2016 13:12:06 GMT" time="0.023" errors="0">
  <testcase name="load" time="0.023" classname="seleniumtasks.SampleLog"/>
</testsuite> <!-- seleniumtasks.SampleLog -->
